[2022-09-08T10:09:08.524] [ERROR] error - could not find the user
[2022-09-08T11:58:08.344] [ERROR] error - could not find the user
[2022-09-08T12:03:40.829] [ERROR] error - could not find the user
[2022-09-08T12:04:09.870] [ERROR] error - could not find the user
[2022-09-08T12:05:59.584] [ERROR] error - could not find the user
[2022-09-08T12:05:59.899] [ERROR] error - wrong user credentials
[2022-09-08T12:06:59.744] [ERROR] error - could not find the user
[2022-09-08T12:06:59.795] [ERROR] error - wrong user credentials
[2022-09-08T12:16:47.181] [ERROR] error - User already exists
[2022-09-08T12:16:47.592] [ERROR] error - Registration error
[2022-09-08T12:17:19.178] [ERROR] error - User already exists
[2022-09-08T12:17:19.232] [ERROR] error - Registration error
[2022-09-08T12:17:56.685] [ERROR] error - User already exists
[2022-09-08T12:17:56.736] [ERROR] error - Registration error
[2022-09-08T12:19:31.985] [ERROR] error - Registration error
[2022-09-08T12:26:21.369] [ERROR] error - Registration error
[2022-09-08T14:00:45.133] [ERROR] error - Registration error
[2022-09-08T15:04:11.324] [ERROR] error - User already exists
[2022-09-08T15:04:11.650] [ERROR] error - Registration error
[2022-09-08T15:30:10.563] [ERROR] error - wrong user credentials
[2022-09-08T15:30:26.390] [ERROR] error - wrong user credentials
[2022-09-08T16:35:04.992] [ERROR] error - Registration error
[2022-09-08T16:36:39.674] [ERROR] error - Registration error
[2022-09-08T16:36:44.936] [ERROR] error - Registration error
[2022-09-08T16:41:51.181] [ERROR] error - Registration error
[2022-09-08T16:46:43.787] [ERROR] error - User already exists
[2022-09-08T16:46:43.839] [ERROR] error - Registration error
[2022-09-08T16:47:13.359] [ERROR] error - User already exists
[2022-09-08T16:47:13.418] [ERROR] error - Registration error
[2022-09-10T18:02:19.936] [ERROR] error - wrong user credentials
[2022-09-10T18:03:04.848] [ERROR] error - wrong user credentials
[2022-09-10T18:06:16.629] [ERROR] error - wrong user credentials
[2022-09-10T18:08:38.205] [ERROR] error - wrong user credentials
[2022-09-10T18:22:08.915] [ERROR] error - chart not found
[2022-09-10T18:22:08.967] [ERROR] error - userdata not found at purchase
[2022-09-10T18:26:38.986] [ERROR] error - chart not found
[2022-09-10T18:26:39.064] [ERROR] error - userdata not found at purchase
[2022-09-10T18:27:29.393] [ERROR] error - chart not found
[2022-09-10T18:27:29.447] [ERROR] error - userdata not found at purchase
[2022-09-10T18:35:58.419] [ERROR] error - wrong user credentials
[2022-09-10T18:37:57.643] [ERROR] error - wrong user credentials
[2022-09-10T18:45:42.642] [ERROR] error - chart not found
[2022-09-10T18:45:42.696] [ERROR] error - userdata not found at purchase
[2022-09-10T19:01:53.575] [ERROR] error - at purchaseTypeError: Cannot read properties of undefined (reading 'map')
[2022-09-10T19:03:07.640] [ERROR] error - at purchaseReferenceError: info is not defined
[2022-09-10T19:03:45.446] [ERROR] error - at purchaseTypeError: Cannot read properties of undefined (reading 'map')
[2022-09-10T22:07:33.042] [ERROR] error - ReferenceError: log is not definedtrying to connect to database
